<?xml version="1.0" encoding="UTF-8"?>
<!-- Generated by org.testng.reporters.JUnitXMLReporter -->
<testsuite ignored="0" hostname="DESKTOP-C2L87CL" failures="0" tests="2" name="AmazonTest" time="0.124" errors="0" timestamp="2023-05-02T01:02:26 IST">
  <testcase classname="testcase.AmazonTest" name="test" time="0.0">
    <skipped/>
  </testcase> <!-- test -->
  <testcase classname="testcase.AmazonTest" name="test" time="0.0">
    <skipped/>
  </testcase> <!-- test -->
</testsuite> <!-- AmazonTest -->
