<?xml version="1.0" encoding="UTF-8"?>
<!-- Generated by org.testng.reporters.JUnitXMLReporter -->
<testsuite ignored="0" hostname="DESKTOP-C2L87CL" failures="0" tests="3" name="FacebookTest" time="4.381" errors="0" timestamp="2023-05-02T01:05:46 IST">
  <testcase classname="Core.page" name="@BeforeMethod openBrowser" time="1.738">
    <failure type="java.lang.NoSuchMethodError" message="&amp;apos;java.lang.String org.apache.commons.io.IOUtils.toString(java.io.InputStream, java.nio.charset.Charset)&amp;apos;">
      <![CDATA[java.lang.NoSuchMethodError: 'java.lang.String org.apache.commons.io.IOUtils.toString(java.io.InputStream, java.nio.charset.Charset)'
at io.github.bonigarcia.wdm.versions.VersionDetector.getProperties(VersionDetector.java:302)
at io.github.bonigarcia.wdm.versions.VersionDetector.getBrowserVersionFromTheShell(VersionDetector.java:202)
at io.github.bonigarcia.wdm.WebDriverManager.getBrowserVersionFromTheShell(WebDriverManager.java:1063)
at io.github.bonigarcia.wdm.WebDriverManager.detectBrowserVersion(WebDriverManager.java:1083)
at io.github.bonigarcia.wdm.WebDriverManager.resolveDriverVersion(WebDriverManager.java:948)
at io.github.bonigarcia.wdm.WebDriverManager.manage(WebDriverManager.java:899)
at io.github.bonigarcia.wdm.WebDriverManager.setup(WebDriverManager.java:337)
at Core.page.openBrowser(page.java:51)
at java.base/java.util.ArrayList.forEach(ArrayList.java:1511)
... Removed 31 stack frames]]>
    </failure>
  </testcase> <!-- @BeforeMethod openBrowser -->
  <testcase classname="Core.page" name="@AfterMethod closeBrowser" time="0.0">
    <skipped/>
  </testcase> <!-- @AfterMethod closeBrowser -->
  <testcase classname="Core.page" name="@BeforeMethod openBrowser" time="0.0">
    <skipped/>
  </testcase> <!-- @BeforeMethod openBrowser -->
  <testcase classname="Core.page" name="@AfterMethod closeBrowser" time="0.0">
    <skipped/>
  </testcase> <!-- @AfterMethod closeBrowser -->
  <testcase classname="Core.page" name="@BeforeMethod openBrowser" time="0.0">
    <skipped/>
  </testcase> <!-- @BeforeMethod openBrowser -->
  <testcase classname="Core.page" name="@AfterMethod closeBrowser" time="0.0">
    <skipped/>
  </testcase> <!-- @AfterMethod closeBrowser -->
  <testcase classname="testcase.FacebookTest" name="test" time="0.001">
    <skipped/>
  </testcase> <!-- test -->
  <testcase classname="testcase.FacebookTest" name="test" time="0.0">
    <skipped/>
  </testcase> <!-- test -->
  <testcase classname="testcase.FacebookTest" name="test" time="0.0">
    <skipped/>
  </testcase> <!-- test -->
</testsuite> <!-- FacebookTest -->
